Flow report for procesadorJOF32_top
Tue Oct 17 05:40:52 2017
Quartus Prime Version 16.1.0 Build 196 10/24/2016 SJ Lite Edition


---------------------
; Table of Contents ;
---------------------
  1. Legal Notice
  2. Flow Summary
  3. Flow Settings
  4. Flow Non-Default Global Settings
  5. Flow Elapsed Time
  6. Flow OS Summary
  7. Flow Log
  8. Flow Messages
  9. Flow Suppressed Messages



----------------
; Legal Notice ;
----------------
Copyright (C) 2016  Intel Corporation. All rights reserved.
Your use of Intel Corporation's design tools, logic functions 
and other software and tools, and its AMPP partner logic 
functions, and any output files from any of the foregoing 
(including device programming or simulation files), and any 
associated documentation or information are expressly subject 
to the terms and conditions of the Intel Program License 
Subscription Agreement, the Intel Quartus Prime License Agreement,
the Intel MegaCore Function License Agreement, or other 
applicable license agreement, including, without limitation, 
that your use is for the sole purpose of programming logic 
devices manufactured by Intel and sold by Intel or its 
authorized distributors.  Please refer to the applicable 
agreement for further details.



+-------------------------------------------------------------------------------+
; Flow Summary                                                                  ;
+---------------------------------+---------------------------------------------+
; Flow Status                     ; Successful - Tue Oct 17 05:40:52 2017       ;
; Quartus Prime Version           ; 16.1.0 Build 196 10/24/2016 SJ Lite Edition ;
; Revision Name                   ; procesadorJOF32_top                         ;
; Top-level Entity Name           ; procesadorJOF32_top                         ;
; Family                          ; Cyclone V                                   ;
; Device                          ; 5CSEMA5F31C6                                ;
; Timing Models                   ; Final                                       ;
; Logic utilization (in ALMs)     ; 1,094 / 32,070 ( 3 % )                      ;
; Total registers                 ; 671                                         ;
; Total pins                      ; 33 / 457 ( 7 % )                            ;
; Total virtual pins              ; 0                                           ;
; Total block memory bits         ; 2,130,944 / 4,065,280 ( 52 % )              ;
; Total DSP Blocks                ; 2 / 87 ( 2 % )                              ;
; Total HSSI RX PCSs              ; 0                                           ;
; Total HSSI PMA RX Deserializers ; 0                                           ;
; Total HSSI TX PCSs              ; 0                                           ;
; Total HSSI PMA TX Serializers   ; 0                                           ;
; Total PLLs                      ; 0 / 6 ( 0 % )                               ;
; Total DLLs                      ; 0 / 4 ( 0 % )                               ;
+---------------------------------+---------------------------------------------+


+-----------------------------------------+
; Flow Settings                           ;
+-------------------+---------------------+
; Option            ; Setting             ;
+-------------------+---------------------+
; Start date & time ; 10/17/2017 05:32:25 ;
; Main task         ; Compilation         ;
; Revision Name     ; procesadorJOF32_top ;
+-------------------+---------------------+


+-----------------------------------------------------------------------------------------------------------------------------+
; Flow Non-Default Global Settings                                                                                            ;
+-------------------------------------+----------------------------------------+---------------+-------------+----------------+
; Assignment Name                     ; Value                                  ; Default Value ; Entity Name ; Section Id     ;
+-------------------------------------+----------------------------------------+---------------+-------------+----------------+
; COMPILER_SIGNATURE_ID               ; 92378952638471.150823994411572         ; --            ; --          ; --             ;
; EDA_OUTPUT_DATA_FORMAT              ; Verilog Hdl                            ; --            ; --          ; eda_simulation ;
; EDA_SIMULATION_TOOL                 ; ModelSim-Altera (Verilog)              ; <None>        ; --          ; --             ;
; MAX_CORE_JUNCTION_TEMP              ; 85                                     ; --            ; --          ; --             ;
; MIN_CORE_JUNCTION_TEMP              ; 0                                      ; --            ; --          ; --             ;
; MISC_FILE                           ; ram_1port_bb.v                         ; --            ; --          ; --             ;
; MISC_FILE                           ; ram_1port_syn.v                        ; --            ; --          ; --             ;
; MISC_FILE                           ; instruction_memory_bb.v                ; --            ; --          ; --             ;
; MISC_FILE                           ; instruction_memory_syn.v               ; --            ; --          ; --             ;
; PARTITION_COLOR                     ; -- (Not supported for targeted family) ; --            ; --          ; Top            ;
; PARTITION_FITTER_PRESERVATION_LEVEL ; -- (Not supported for targeted family) ; --            ; --          ; Top            ;
; PARTITION_NETLIST_TYPE              ; -- (Not supported for targeted family) ; --            ; --          ; Top            ;
; POWER_BOARD_THERMAL_MODEL           ; None (CONSERVATIVE)                    ; --            ; --          ; --             ;
; POWER_PRESET_COOLING_SOLUTION       ; 23 MM HEAT SINK WITH 200 LFPM AIRFLOW  ; --            ; --          ; --             ;
; PROJECT_OUTPUT_DIRECTORY            ; output_files                           ; --            ; --          ; --             ;
; VERILOG_CONSTANT_LOOP_LIMIT         ; 10000                                  ; 5000          ; --          ; --             ;
+-------------------------------------+----------------------------------------+---------------+-------------+----------------+


+-------------------------------------------------------------------------------------------------------------------------------+
; Flow Elapsed Time                                                                                                             ;
+---------------------------+--------------+-------------------------+---------------------+------------------------------------+
; Module Name               ; Elapsed Time ; Average Processors Used ; Peak Virtual Memory ; Total CPU Time (on all processors) ;
+---------------------------+--------------+-------------------------+---------------------+------------------------------------+
; Analysis & Synthesis      ; 00:00:37     ; 1.0                     ; 746 MB              ; 00:01:05                           ;
; Fitter                    ; 00:06:02     ; 1.1                     ; 2224 MB             ; 00:08:33                           ;
; Assembler                 ; 00:00:38     ; 1.0                     ; 781 MB              ; 00:00:21                           ;
; TimeQuest Timing Analyzer ; 00:00:37     ; 1.5                     ; 1093 MB             ; 00:00:44                           ;
; EDA Netlist Writer        ; 00:00:05     ; 1.0                     ; 688 MB              ; 00:00:05                           ;
; Total                     ; 00:07:59     ; --                      ; --                  ; 00:10:48                           ;
+---------------------------+--------------+-------------------------+---------------------+------------------------------------+


+-----------------------------------------------------------------------------------------+
; Flow OS Summary                                                                         ;
+---------------------------+------------------+------------+------------+----------------+
; Module Name               ; Machine Hostname ; OS Name    ; OS Version ; Processor type ;
+---------------------------+------------------+------------+------------+----------------+
; Analysis & Synthesis      ; Javier-PC        ; Windows 10 ; 10.0       ; x86_64         ;
; Fitter                    ; Javier-PC        ; Windows 10 ; 10.0       ; x86_64         ;
; Assembler                 ; Javier-PC        ; Windows 10 ; 10.0       ; x86_64         ;
; TimeQuest Timing Analyzer ; Javier-PC        ; Windows 10 ; 10.0       ; x86_64         ;
; EDA Netlist Writer        ; Javier-PC        ; Windows 10 ; 10.0       ; x86_64         ;
+---------------------------+------------------+------------+------------+----------------+


------------
; Flow Log ;
------------
quartus_map --read_settings_files=on --write_settings_files=off procesadorJOF32 -c procesadorJOF32_top
quartus_fit --read_settings_files=off --write_settings_files=off procesadorJOF32 -c procesadorJOF32_top
quartus_asm --read_settings_files=off --write_settings_files=off procesadorJOF32 -c procesadorJOF32_top
quartus_sta procesadorJOF32 -c procesadorJOF32_top
quartus_eda --read_settings_files=off --write_settings_files=off procesadorJOF32 -c procesadorJOF32_top



